
  .   ____          _            __ _ _
 /\\ / ___'_ __ _ _(_)_ __  __ _ \ \ \ \
( ( )\___ | '_ | '_| | '_ \/ _` | \ \ \ \
 \\/  ___)| |_)| | | | | || (_| |  ) ) ) )
  '  |____| .__|_| |_|_| |_\__, | / / / /
 =========|_|==============|___/=/_/_/_/
 :: Spring Boot ::        (v1.2.3.RELEASE)

2015-07-14 19:35:06.351  INFO 12896 --- [           main] c.s.apps.filemgmt.main.Application       : Starting Application v0.1.0 on RICE-FAM-PC-1 with PID 12896 (C:\git\swingtech\swing-tech\projects\file-finder-web-app\target\file-mgmt-webapp-0.1.0.jar started by splas_000 in C:\git\swingtech\swing-tech\projects\file-finder-web-app)
2015-07-14 19:35:06.534  INFO 12896 --- [           main] ationConfigEmbeddedWebApplicationContext : Refreshing org.springframework.boot.context.embedded.AnnotationConfigEmbeddedWebApplicationContext@2d31ec5e: startup date [Tue Jul 14 19:35:06 EDT 2015]; root of context hierarchy
2015-07-14 19:35:08.944  INFO 12896 --- [           main] o.s.b.f.s.DefaultListableBeanFactory     : Overriding bean definition for bean 'beanNameViewResolver': replacing [Root bean: class [null]; scope=; abstract=false; lazyInit=false; autowireMode=3; dependencyCheck=0; autowireCandidate=true; primary=false; factoryBeanName=org.springframework.boot.autoconfigure.web.ErrorMvcAutoConfiguration$WhitelabelErrorViewConfiguration; factoryMethodName=beanNameViewResolver; initMethodName=null; destroyMethodName=(inferred); defined in class path resource [org/springframework/boot/autoconfigure/web/ErrorMvcAutoConfiguration$WhitelabelErrorViewConfiguration.class]] with [Root bean: class [null]; scope=; abstract=false; lazyInit=false; autowireMode=3; dependencyCheck=0; autowireCandidate=true; primary=false; factoryBeanName=org.springframework.boot.autoconfigure.web.WebMvcAutoConfiguration$WebMvcAutoConfigurationAdapter; factoryMethodName=beanNameViewResolver; initMethodName=null; destroyMethodName=(inferred); defined in class path resource [org/springframework/boot/autoconfigure/web/WebMvcAutoConfiguration$WebMvcAutoConfigurationAdapter.class]]
2015-07-14 19:35:11.597  INFO 12896 --- [           main] s.b.c.e.t.TomcatEmbeddedServletContainer : Tomcat initialized with port(s): 8090 (http)
2015-07-14 19:35:12.327  INFO 12896 --- [           main] o.apache.catalina.core.StandardService   : Starting service Tomcat
2015-07-14 19:35:12.329  INFO 12896 --- [           main] org.apache.catalina.core.StandardEngine  : Starting Servlet Engine: Apache Tomcat/8.0.20
2015-07-14 19:35:15.625  INFO 12896 --- [ost-startStop-1] o.a.c.c.C.[Tomcat].[localhost].[/]       : Initializing Spring embedded WebApplicationContext
2015-07-14 19:35:15.626  INFO 12896 --- [ost-startStop-1] o.s.web.context.ContextLoader            : Root WebApplicationContext: initialization completed in 9097 ms
2015-07-14 19:35:17.889  INFO 12896 --- [ost-startStop-1] o.s.b.c.e.ServletRegistrationBean        : Mapping servlet: 'dispatcherServlet' to [/]
2015-07-14 19:35:17.902  INFO 12896 --- [ost-startStop-1] o.s.b.c.embedded.FilterRegistrationBean  : Mapping filter: 'characterEncodingFilter' to: [/*]
2015-07-14 19:35:17.903  INFO 12896 --- [ost-startStop-1] o.s.b.c.embedded.FilterRegistrationBean  : Mapping filter: 'hiddenHttpMethodFilter' to: [/*]
2015-07-14 19:35:18.554  INFO 12896 --- [           main] s.w.s.m.m.a.RequestMappingHandlerAdapter : Looking for @ControllerAdvice: org.springframework.boot.context.embedded.AnnotationConfigEmbeddedWebApplicationContext@2d31ec5e: startup date [Tue Jul 14 19:35:06 EDT 2015]; root of context hierarchy
2015-07-14 19:35:18.702  INFO 12896 --- [           main] s.w.s.m.m.a.RequestMappingHandlerMapping : Mapped "{[/],methods=[],params=[],headers=[],consumes=[],produces=[],custom=[]}" onto public java.lang.String com.swingtech.apps.filemgmt.controller.FileMgmtController.index(org.springframework.ui.Model)
2015-07-14 19:35:18.702  INFO 12896 --- [           main] s.w.s.m.m.a.RequestMappingHandlerMapping : Mapped "{[/find-duplicates-input],methods=[],params=[],headers=[],consumes=[],produces=[],custom=[]}" onto public java.lang.String com.swingtech.apps.filemgmt.controller.FileMgmtController.viewFindDuplicates(org.springframework.ui.Model)
2015-07-14 19:35:18.702  INFO 12896 --- [           main] s.w.s.m.m.a.RequestMappingHandlerMapping : Mapped "{[/find-duplicates],methods=[],params=[],headers=[],consumes=[],produces=[],custom=[]}" onto public java.lang.String com.swingtech.apps.filemgmt.controller.FileMgmtController.findDuplicates(java.util.List<java.lang.String>,java.lang.String,java.lang.String,java.lang.String,java.util.List<java.lang.String>,java.lang.Boolean,java.lang.Boolean,java.lang.Boolean,org.springframework.ui.Model)
2015-07-14 19:35:18.703  INFO 12896 --- [           main] s.w.s.m.m.a.RequestMappingHandlerMapping : Mapped "{[/search-files],methods=[],params=[],headers=[],consumes=[],produces=[],custom=[]}" onto public java.lang.String com.swingtech.apps.filemgmt.controller.FileMgmtController.searchFiles(java.util.List<java.lang.String>,java.util.List<java.lang.String>,java.lang.Boolean,org.springframework.ui.Model)
2015-07-14 19:35:18.703  INFO 12896 --- [           main] s.w.s.m.m.a.RequestMappingHandlerMapping : Mapped "{[/move-files],methods=[],params=[],headers=[],consumes=[],produces=[],custom=[]}" onto public java.lang.String com.swingtech.apps.filemgmt.controller.FileMgmtController.moveFiles(java.util.List<java.lang.String>,java.lang.String,org.springframework.ui.Model)
2015-07-14 19:35:18.703  INFO 12896 --- [           main] s.w.s.m.m.a.RequestMappingHandlerMapping : Mapped "{[/search-files-input],methods=[],params=[],headers=[],consumes=[],produces=[],custom=[]}" onto public java.lang.String com.swingtech.apps.filemgmt.controller.FileMgmtController.viewSearchFiles(java.util.List<java.lang.String>,org.springframework.ui.Model)
2015-07-14 19:35:18.703  INFO 12896 --- [           main] s.w.s.m.m.a.RequestMappingHandlerMapping : Mapped "{[/video-player],methods=[],params=[],headers=[],consumes=[],produces=[],custom=[]}" onto public java.lang.String com.swingtech.apps.filemgmt.controller.FileMgmtController.viewVideoPlayer(java.lang.String,org.springframework.ui.Model)
2015-07-14 19:35:18.704  INFO 12896 --- [           main] s.w.s.m.m.a.RequestMappingHandlerMapping : Mapped "{[/stream-video],methods=[],params=[],headers=[],consumes=[],produces=[],custom=[]}" onto public void com.swingtech.apps.filemgmt.controller.FileMgmtController.streamVideo(java.lang.String,javax.servlet.http.HttpServletRequest,javax.servlet.http.HttpServletResponse) throws java.lang.Exception
2015-07-14 19:35:18.706  INFO 12896 --- [           main] s.w.s.m.m.a.RequestMappingHandlerMapping : Mapped "{[/error],methods=[],params=[],headers=[],consumes=[],produces=[],custom=[]}" onto public org.springframework.http.ResponseEntity<java.util.Map<java.lang.String, java.lang.Object>> org.springframework.boot.autoconfigure.web.BasicErrorController.error(javax.servlet.http.HttpServletRequest)
2015-07-14 19:35:18.707  INFO 12896 --- [           main] s.w.s.m.m.a.RequestMappingHandlerMapping : Mapped "{[/error],methods=[],params=[],headers=[],consumes=[],produces=[text/html],custom=[]}" onto public org.springframework.web.servlet.ModelAndView org.springframework.boot.autoconfigure.web.BasicErrorController.errorHtml(javax.servlet.http.HttpServletRequest)
2015-07-14 19:35:18.713  INFO 12896 --- [           main] o.s.w.s.c.a.WebMvcConfigurerAdapter      : Adding welcome page: jar:file:/C:/git/swingtech/swing-tech/projects/file-finder-web-app/target/file-mgmt-webapp-0.1.0.jar!/static/index.html
2015-07-14 19:35:18.752  INFO 12896 --- [           main] o.s.w.s.handler.SimpleUrlHandlerMapping  : Root mapping to handler of type [class org.springframework.web.servlet.mvc.ParameterizableViewController]
2015-07-14 19:35:18.775  INFO 12896 --- [           main] o.s.w.s.handler.SimpleUrlHandlerMapping  : Mapped URL path [/webjars/**] onto handler of type [class org.springframework.web.servlet.resource.ResourceHttpRequestHandler]
2015-07-14 19:35:18.775  INFO 12896 --- [           main] o.s.w.s.handler.SimpleUrlHandlerMapping  : Mapped URL path [/**] onto handler of type [class org.springframework.web.servlet.resource.ResourceHttpRequestHandler]
2015-07-14 19:35:18.917  INFO 12896 --- [           main] o.s.w.s.handler.SimpleUrlHandlerMapping  : Mapped URL path [/**/favicon.ico] onto handler of type [class org.springframework.web.servlet.resource.ResourceHttpRequestHandler]
2015-07-14 19:35:19.484  INFO 12896 --- [           main] o.s.j.e.a.AnnotationMBeanExporter        : Registering beans for JMX exposure on startup
2015-07-14 19:35:19.726  INFO 12896 --- [           main] s.b.c.e.t.TomcatEmbeddedServletContainer : Tomcat started on port(s): 8090 (http)
2015-07-14 19:35:19.737  INFO 12896 --- [           main] c.s.apps.filemgmt.main.Application       : Started Application in 14.499 seconds (JVM running for 15.745)


**************************************
 Startup Complete
**************************************


2015-07-14 19:41:09.980  INFO 12896 --- [nio-8090-exec-1] o.a.c.c.C.[Tomcat].[localhost].[/]       : Initializing Spring FrameworkServlet 'dispatcherServlet'
2015-07-14 19:41:09.981  INFO 12896 --- [nio-8090-exec-1] o.s.web.servlet.DispatcherServlet        : FrameworkServlet 'dispatcherServlet': initialization started
2015-07-14 19:41:10.051  INFO 12896 --- [nio-8090-exec-1] o.s.web.servlet.DispatcherServlet        : FrameworkServlet 'dispatcherServlet': initialization completed in 70 ms



Incoming Search Directories
   'C:\Users\splas_000\Google Drive\speeches\economic\keyes\capitalism'
   'C:\Users\splas_000\Google Drive\speeches\economic\marx'
   ''
   ''

Incoming Target Dup Directory:  C:\Users\splas_000\speeches\dups\new3\dups

Incoming Target Parts Directory:  C:\Users\splas_000\speeches\dups\new3\parts

Incoming Target Report Directory:  C:\Users\splas_000\speeches\dups\new3

Incoming Folder Match  Strings
   '\rated\'
   '\projects\'
   ''
   ''

searchFileSystem:  false

moveDuplicates:  false

movePartFiles:  false




2015-07-14 19:41:16.721 ERROR 12896 --- [io-8090-exec-10] o.a.c.c.C.[.[.[/].[dispatcherServlet]    : Servlet.service() for servlet [dispatcherServlet] in context with path [] threw exception [Handler processing failed; nested exception is java.lang.Error: Unresolved compilation problem: 
	The method tempPrintDupFileInputs(List<File>, String, String, String, List<String>, Boolean, Boolean, boolean) in the type DupFileService is not applicable for the arguments (List<String>, File, File, null, List<String>, null, boolean, boolean)
] with root cause

java.lang.Error: Unresolved compilation problem: 
	The method tempPrintDupFileInputs(List<File>, String, String, String, List<String>, Boolean, Boolean, boolean) in the type DupFileService is not applicable for the arguments (List<String>, File, File, null, List<String>, null, boolean, boolean)

	at com.swingtech.apps.filemgmt.service.DupFileService.findAndMoveAllDuplicatesWithStrings(DupFileService.java:55)
	at com.swingtech.apps.filemgmt.controller.FileMgmtController.findDuplicates(FileMgmtController.java:137)
	at sun.reflect.NativeMethodAccessorImpl.invoke0(Native Method)
	at sun.reflect.NativeMethodAccessorImpl.invoke(Unknown Source)
	at sun.reflect.DelegatingMethodAccessorImpl.invoke(Unknown Source)
	at java.lang.reflect.Method.invoke(Unknown Source)
	at org.springframework.web.method.support.InvocableHandlerMethod.doInvoke(InvocableHandlerMethod.java:221)
	at org.springframework.web.method.support.InvocableHandlerMethod.invokeForRequest(InvocableHandlerMethod.java:137)
	at org.springframework.web.servlet.mvc.method.annotation.ServletInvocableHandlerMethod.invokeAndHandle(ServletInvocableHandlerMethod.java:110)
	at org.springframework.web.servlet.mvc.method.annotation.RequestMappingHandlerAdapter.invokeHandleMethod(RequestMappingHandlerAdapter.java:776)
	at org.springframework.web.servlet.mvc.method.annotation.RequestMappingHandlerAdapter.handleInternal(RequestMappingHandlerAdapter.java:705)
	at org.springframework.web.servlet.mvc.method.AbstractHandlerMethodAdapter.handle(AbstractHandlerMethodAdapter.java:85)
	at org.springframework.web.servlet.DispatcherServlet.doDispatch(DispatcherServlet.java:959)
	at org.springframework.web.servlet.DispatcherServlet.doService(DispatcherServlet.java:893)
	at org.springframework.web.servlet.FrameworkServlet.processRequest(FrameworkServlet.java:966)
	at org.springframework.web.servlet.FrameworkServlet.doGet(FrameworkServlet.java:857)
	at javax.servlet.http.HttpServlet.service(HttpServlet.java:618)
	at org.springframework.web.servlet.FrameworkServlet.service(FrameworkServlet.java:842)
	at javax.servlet.http.HttpServlet.service(HttpServlet.java:725)
	at org.apache.catalina.core.ApplicationFilterChain.internalDoFilter(ApplicationFilterChain.java:291)
	at org.apache.catalina.core.ApplicationFilterChain.doFilter(ApplicationFilterChain.java:206)
	at org.apache.tomcat.websocket.server.WsFilter.doFilter(WsFilter.java:52)
	at org.apache.catalina.core.ApplicationFilterChain.internalDoFilter(ApplicationFilterChain.java:239)
	at org.apache.catalina.core.ApplicationFilterChain.doFilter(ApplicationFilterChain.java:206)
	at org.springframework.web.filter.HiddenHttpMethodFilter.doFilterInternal(HiddenHttpMethodFilter.java:77)
	at org.springframework.web.filter.OncePerRequestFilter.doFilter(OncePerRequestFilter.java:107)
	at org.apache.catalina.core.ApplicationFilterChain.internalDoFilter(ApplicationFilterChain.java:239)
	at org.apache.catalina.core.ApplicationFilterChain.doFilter(ApplicationFilterChain.java:206)
	at org.springframework.web.filter.CharacterEncodingFilter.doFilterInternal(CharacterEncodingFilter.java:85)
	at org.springframework.web.filter.OncePerRequestFilter.doFilter(OncePerRequestFilter.java:107)
	at org.apache.catalina.core.ApplicationFilterChain.internalDoFilter(ApplicationFilterChain.java:239)
	at org.apache.catalina.core.ApplicationFilterChain.doFilter(ApplicationFilterChain.java:206)
	at org.apache.catalina.core.StandardWrapperValve.invoke(StandardWrapperValve.java:219)
	at org.apache.catalina.core.StandardContextValve.invoke(StandardContextValve.java:106)
	at org.apache.catalina.authenticator.AuthenticatorBase.invoke(AuthenticatorBase.java:501)
	at org.apache.catalina.core.StandardHostValve.invoke(StandardHostValve.java:142)
	at org.apache.catalina.valves.ErrorReportValve.invoke(ErrorReportValve.java:79)
	at org.apache.catalina.core.StandardEngineValve.invoke(StandardEngineValve.java:88)
	at org.apache.catalina.connector.CoyoteAdapter.service(CoyoteAdapter.java:516)
	at org.apache.coyote.http11.AbstractHttp11Processor.process(AbstractHttp11Processor.java:1086)
	at org.apache.coyote.AbstractProtocol$AbstractConnectionHandler.process(AbstractProtocol.java:659)
	at org.apache.coyote.http11.Http11NioProtocol$Http11ConnectionHandler.process(Http11NioProtocol.java:223)
	at org.apache.tomcat.util.net.NioEndpoint$SocketProcessor.doRun(NioEndpoint.java:1558)
	at org.apache.tomcat.util.net.NioEndpoint$SocketProcessor.run(NioEndpoint.java:1515)
	at java.util.concurrent.ThreadPoolExecutor.runWorker(Unknown Source)
	at java.util.concurrent.ThreadPoolExecutor$Worker.run(Unknown Source)
	at org.apache.tomcat.util.threads.TaskThread$WrappingRunnable.run(TaskThread.java:61)
	at java.lang.Thread.run(Unknown Source)




Incoming Search Directories
   'C:\Users\splas_000\Google Drive\speeches\economic\keyes\capitalism'
   'C:\Users\splas_000\Google Drive\speeches\economic\marx'
   ''
   ''

Incoming Search Terms
   'Red haired amateur'
   ''
   ''
   ''

searchFileSystem:  false







time it took to retrieve fileEntityMap:  833.0 mili seconds
Processing row 1000
Processing row 2000
Processing row 3000
Processing row 4000
Processing row 5000
Processing row 6000
Processing row 7000
Processing row 8000
Processing row 9000
time it took to retrieve fileEntityMap:  8.27 seconds




Here's the report

******Printing Results*****
   Date Test Run Started = 07/14/2015 19:44:09
   Date Test Run Ended = 07/14/2015 19:44:18
   Test Duration = 9.11 seconds
   Search Terms Searched:
      Red haired amateur
      
      
      
   Directories Searched:
   Directories NOT Searched:
   Total # files processed = 9622
   Total # Search Matches = 0
   Total File Size = 9444 TB
   Total Number of Directories = 0
   Number of Part Files = 6
   Size of Part Files = 5 TB
   Number of Errors = 0

******Printing Search Results for 0 Search Terms *****



Incoming Search Directories
   'C:\Users\splas_000\Google Drive\speeches\economic\keyes\capitalism'
   'C:\Users\splas_000\Google Drive\speeches\economic\marx'
   ''
   ''

Incoming Search Terms
   'First time amateur girl'
   ''
   ''
   ''

searchFileSystem:  false







time it took to retrieve fileEntityMap:  371.0 mili seconds
Processing row 1000
Processing row 2000
Processing row 3000
Processing row 4000
Processing row 5000
Processing row 6000
Processing row 7000
Processing row 8000
Processing row 9000
time it took to retrieve fileEntityMap:  7.5 seconds




Here's the report

******Printing Results*****
   Date Test Run Started = 07/14/2015 19:44:59
   Date Test Run Ended = 07/14/2015 19:45:07
   Test Duration = 7.88 seconds
   Search Terms Searched:
      First time amateur girl
      
      
      
   Directories Searched:
   Directories NOT Searched:
   Total # files processed = 9622
   Total # Search Matches = 1
   Total File Size = 9444 TB
   Total Number of Directories = 0
   Number of Part Files = 6
   Size of Part Files = 5 TB
   Number of Errors = 0

******Printing Search Results for 1 Search Terms *****

   There were 1 matches for search term, 'First time amateur girl'.  Printing Now
         YouPorn - First time amateur girl cum swallow and facial.mpg - C:\Users\splas_000\Google Drive\speeches\economic\keyes\capitalism\youp\new\new1\YouPorn - First time amateur girl cum swallow and facial.mpg



Incoming Files To Move
   'C:\Users\splas_000\Google Drive\speeches\economic\keyes\capitalism\youp\new\new1\YouPorn - First time amateur girl cum swallow and facial.mpg'

Incoming Search Terms:  C:\Users\splas_000\Google Drive\speeches\economic\keyes\capitalism\youp\queue\new7





Here's the report

******Printing Results*****
   Date Test Run Started = 07/14/2015 19:45:46
   Date Test Run Ended = 07/14/2015 19:45:46
   Test Duration = 7.0 mili seconds
   Directories Searched:
   Directories NOT Searched:
   Total # files processed = 1
   Total File Size = 0 bytes
   Total Number of Directories = 0
   Number of Part Files = 0
   Size of Part Files = 0 bytes
   Number of Errors = 0


******Printing 1 Part files that were moved*****
   From: C:\Users\splas_000\Google Drive\speeches\economic\keyes\capitalism\youp\new\new1\YouPorn - First time amateur girl cum swallow and facial.mpg      to: C:\Users\splas_000\Google Drive\speeches\economic\keyes\capitalism\youp\queue\new7\YouPorn - First time amateur girl cum swallow and facial.mpg

******Printing 0 Part files that were NOT moved*****



Incoming Search Directories
   'C:\Users\splas_000\Google Drive\speeches\economic\keyes\capitalism'
   'C:\Users\splas_000\Google Drive\speeches\economic\marx'
   ''
   ''

Incoming Search Terms
   'First time amateur girl'
   ''
   ''
   ''

searchFileSystem:  false







time it took to retrieve fileEntityMap:  432.0 mili seconds
Processing row 1000
Processing row 2000



Incoming Search Directories
   'C:\Users\splas_000\Google Drive\speeches\economic\keyes\capitalism'
   'C:\Users\splas_000\Google Drive\speeches\economic\marx'
   ''
   ''

Incoming Search Terms
   'bb11739'
   ''
   ''
   ''

searchFileSystem:  false







time it took to retrieve fileEntityMap:  154.0 mili seconds
Processing row 1000
Processing row 2000
Processing row 3000
Processing row 3000
Processing row 4000
Processing row 4000
Processing row 5000
Processing row 5000
Processing row 6000
Processing row 6000
Processing row 7000
Processing row 7000
Processing row 8000
Processing row 8000
Processing row 9000
Processing row 9000
time it took to retrieve fileEntityMap:  1.33 minutes



time it took to retrieve fileEntityMap:  37.57 seconds




Here's the report

******Printing Results*****
   Date Test Run Started = 07/14/2015 20:25:18
   Date Test Run Ended = 07/14/2015 20:26:38
   Test Duration = 1.34 minutes
   Search Terms Searched:
      First time amateur girl
      
      
      
   Directories Searched:
   Directories NOT Searched:
   Total # files processed = 9622
   Total # Search Matches = 1
   Total File Size = 9444 TB
   Total Number of Directories = 0
   Number of Part Files = 6
   Size of Part Files = 5 TB
   Number of Errors = 0

******Printing Search Results for 1 Search Terms *****

   There were 1 matches for search term, 'First time amateur girl'.  Printing Now
         YouPorn - First time amateur girl cum swallow and facial.mpg - C:\Users\splas_000\Google Drive\speeches\economic\keyes\capitalism\youp\new\new1\YouPorn - First time amateur girl cum swallow and facial.mpg

Here's the report

******Printing Results*****
   Date Test Run Started = 07/14/2015 20:26:01
   Date Test Run Ended = 07/14/2015 20:26:38
   Test Duration = 37.72 seconds
   Search Terms Searched:
      bb11739
      
      
      
   Directories Searched:
   Directories NOT Searched:
   Total # files processed = 9622
   Total # Search Matches = 4
   Total File Size = 9444 TB
   Total Number of Directories = 0
   Number of Part Files = 6
   Size of Part Files = 5 TB
   Number of Errors = 0

******Printing Search Results for 1 Search Terms *****

   There were 4 matches for search term, 'bb11739'.  Printing Now
         bb11739-720p.mp4 - C:\Users\splas_000\Google Drive\speeches\economic\keyes\capitalism\bangb\new\new25\bb11739-720p.mp4
         bb11739-720p.mp4 - C:\Users\splas_000\Google Drive\speeches\economic\keyes\capitalism\bangb\queue\new13\bb11739-720p.mp4
         bb11739-720p.mp4 - C:\Users\splas_000\Google Drive\speeches\economic\keyes\capitalism\bangb\queue\new2\bb11739-720p.mp4
         bb11739500k.wmv - C:\Users\splas_000\Google Drive\speeches\economic\keyes\capitalism\bangb\new\new2\bb11739500k.wmv




Viewing video File.  Incoming fileName to view:  C:\Users\splas_000\Google Drive\speeches\economic\keyes\capitalism\bangb\new\new25\bb11739-720p.mp4








Streaming File.  Incoming fileNameToStream:  C:\Users\splas_000\Google Drive\speeches\economic\keyes\capitalism\bangb\new\new25\bb11739-720p.mp4
Streaming file, 'C:\Users\splas_000\Google Drive\speeches\economic\keyes\capitalism\bangb\new\new25\bb11739-720p.mp4'.  About to read bytes
  --->Error:  File doesn't exist at URI : C:\Users\splas_000\Google Drive\speeches\economic\keyes\capitalism\bangb\new\new25\bb11739-720p.mp4
It took 391.0 mili seconds to server the 'C:\Users\splas_000\Google Drive\speeches\economic\keyes\capitalism\bangb\new\new25\bb11739-720p.mp4' file resource








Viewing video File.  Incoming fileName to view:  C:\Users\splas_000\Google Drive\speeches\economic\keyes\capitalism\bangb\queue\new13\bb11739-720p.mp4








Streaming File.  Incoming fileNameToStream:  C:\Users\splas_000\Google Drive\speeches\economic\keyes\capitalism\bangb\queue\new13\bb11739-720p.mp4
Streaming file, 'C:\Users\splas_000\Google Drive\speeches\economic\keyes\capitalism\bangb\queue\new13\bb11739-720p.mp4'.  About to read bytes
  --->Content-Type : video/mp4
  --->Content-Disposition : inline
  --->Return 1 part of file : from (0) to (660250691)




Streaming File.  Incoming fileNameToStream:  C:\Users\splas_000\Google Drive\speeches\economic\keyes\capitalism\bangb\queue\new13\bb11739-720p.mp4
Streaming file, 'C:\Users\splas_000\Google Drive\speeches\economic\keyes\capitalism\bangb\queue\new13\bb11739-720p.mp4'.  About to read bytes
  --->Content-Type : video/mp4
  --->Content-Disposition : inline
  --->Return 1 part of file : from (103233244) to (660250691)



Incoming Files To Move
   'C:\Users\splas_000\Google Drive\speeches\economic\keyes\capitalism\bangb\queue\new13\bb11739-720p.mp4'

Incoming Search Terms:  C:\Users\splas_000\Google Drive\speeches\economic\keyes\capitalism\rated\bang\great\queue





Here's the report

******Printing Results*****
   Date Test Run Started = 07/14/2015 20:28:16
   Date Test Run Ended = 07/14/2015 20:28:16
   Test Duration = 3.0 mili seconds
   Directories Searched:
   Directories NOT Searched:
   Total # files processed = 1
   Total File Size = 0 bytes
   Total Number of Directories = 0
   Number of Part Files = 0
   Size of Part Files = 0 bytes
   Number of Errors = 0


******Printing 1 Part files that were moved*****
   From: C:\Users\splas_000\Google Drive\speeches\economic\keyes\capitalism\bangb\queue\new13\bb11739-720p.mp4      to: C:\Users\splas_000\Google Drive\speeches\economic\keyes\capitalism\rated\bang\great\queue\bb11739-720p.mp4

******Printing 0 Part files that were NOT moved*****



Incoming Search Directories
   'C:\Users\splas_000\Google Drive\speeches\economic\keyes\capitalism'
   'C:\Users\splas_000\Google Drive\speeches\economic\marx'
   ''
   ''

Incoming Search Terms
   'bb11703'
   ''
   ''
   ''

searchFileSystem:  true




Processing row 1000
Processing row 2000
Processing row 3000
Processing row 4000
Processing row 5000
Processing row 6000
Processing row 7000
Processing row 8000
Processing row 9000



time it took to retrieve fileEntityMap (walking fileSystem):  13.7 seconds



time it took to retrieve fileEntityMap (walking fileSystem):  284.0 mili seconds

Here's the report

******Printing Results*****
   Date Test Run Started = 07/14/2015 20:29:18
   Date Test Run Ended = 07/14/2015 20:29:32
   Test Duration = 13.98 seconds
   Search Terms Searched:
      bb11703
      
      
      
   Directories Searched:
      C:\Users\splas_000\Google Drive\speeches\economic\keyes\capitalism
      C:\Users\splas_000\Google Drive\speeches\economic\marx
   Directories NOT Searched:
      C:\git\swingtech\swing-tech\projects\file-finder-web-app
      C:\git\swingtech\swing-tech\projects\file-finder-web-app
   Total # files processed = 9409
   Total # Search Matches = 3
   Total File Size = 0 bytes
   Total Number of Directories = 0
   Number of Part Files = 6
   Size of Part Files = 0 bytes
   Number of Errors = 0

******Printing Search Results for 1 Search Terms *****

   There were 3 matches for search term, 'bb11703'.  Printing Now
         bb11703-720p.mp4 - C:\Users\splas_000\Google Drive\speeches\economic\keyes\capitalism\bangb\new\newsite9\bb11703-720p.mp4
         bb11703-720p.mp4 - C:\Users\splas_000\Google Drive\speeches\economic\keyes\capitalism\bangb\queue\new13\bb11703-720p.mp4
         bb11703-720p.mp4 - C:\Users\splas_000\Google Drive\speeches\economic\keyes\capitalism\bangb\queue\new2\bb11703-720p.mp4



Incoming Files To Move
2015-07-14 20:30:40.265 ERROR 12896 --- [nio-8090-exec-6] o.a.c.c.C.[.[.[/].[dispatcherServlet]    : Servlet.service() for servlet [dispatcherServlet] in context with path [] threw exception [Request processing failed; nested exception is java.lang.NullPointerException] with root cause

java.lang.NullPointerException: null
	at com.swingtech.apps.filemgmt.controller.FileMgmtController.tempPrintMoveFileInputs(FileMgmtController.java:246)
	at com.swingtech.apps.filemgmt.controller.FileMgmtController.moveFiles(FileMgmtController.java:196)
	at sun.reflect.NativeMethodAccessorImpl.invoke0(Native Method)
	at sun.reflect.NativeMethodAccessorImpl.invoke(Unknown Source)
	at sun.reflect.DelegatingMethodAccessorImpl.invoke(Unknown Source)
	at java.lang.reflect.Method.invoke(Unknown Source)
	at org.springframework.web.method.support.InvocableHandlerMethod.doInvoke(InvocableHandlerMethod.java:221)
	at org.springframework.web.method.support.InvocableHandlerMethod.invokeForRequest(InvocableHandlerMethod.java:137)
	at org.springframework.web.servlet.mvc.method.annotation.ServletInvocableHandlerMethod.invokeAndHandle(ServletInvocableHandlerMethod.java:110)
	at org.springframework.web.servlet.mvc.method.annotation.RequestMappingHandlerAdapter.invokeHandleMethod(RequestMappingHandlerAdapter.java:776)
	at org.springframework.web.servlet.mvc.method.annotation.RequestMappingHandlerAdapter.handleInternal(RequestMappingHandlerAdapter.java:705)
	at org.springframework.web.servlet.mvc.method.AbstractHandlerMethodAdapter.handle(AbstractHandlerMethodAdapter.java:85)
	at org.springframework.web.servlet.DispatcherServlet.doDispatch(DispatcherServlet.java:959)
	at org.springframework.web.servlet.DispatcherServlet.doService(DispatcherServlet.java:893)
	at org.springframework.web.servlet.FrameworkServlet.processRequest(FrameworkServlet.java:966)
	at org.springframework.web.servlet.FrameworkServlet.doGet(FrameworkServlet.java:857)
	at javax.servlet.http.HttpServlet.service(HttpServlet.java:618)
	at org.springframework.web.servlet.FrameworkServlet.service(FrameworkServlet.java:842)
	at javax.servlet.http.HttpServlet.service(HttpServlet.java:725)
	at org.apache.catalina.core.ApplicationFilterChain.internalDoFilter(ApplicationFilterChain.java:291)
	at org.apache.catalina.core.ApplicationFilterChain.doFilter(ApplicationFilterChain.java:206)
	at org.apache.tomcat.websocket.server.WsFilter.doFilter(WsFilter.java:52)
	at org.apache.catalina.core.ApplicationFilterChain.internalDoFilter(ApplicationFilterChain.java:239)
	at org.apache.catalina.core.ApplicationFilterChain.doFilter(ApplicationFilterChain.java:206)
	at org.springframework.web.filter.HiddenHttpMethodFilter.doFilterInternal(HiddenHttpMethodFilter.java:77)
	at org.springframework.web.filter.OncePerRequestFilter.doFilter(OncePerRequestFilter.java:107)
	at org.apache.catalina.core.ApplicationFilterChain.internalDoFilter(ApplicationFilterChain.java:239)
	at org.apache.catalina.core.ApplicationFilterChain.doFilter(ApplicationFilterChain.java:206)
	at org.springframework.web.filter.CharacterEncodingFilter.doFilterInternal(CharacterEncodingFilter.java:85)
	at org.springframework.web.filter.OncePerRequestFilter.doFilter(OncePerRequestFilter.java:107)
	at org.apache.catalina.core.ApplicationFilterChain.internalDoFilter(ApplicationFilterChain.java:239)
	at org.apache.catalina.core.ApplicationFilterChain.doFilter(ApplicationFilterChain.java:206)
	at org.apache.catalina.core.StandardWrapperValve.invoke(StandardWrapperValve.java:219)
	at org.apache.catalina.core.StandardContextValve.invoke(StandardContextValve.java:106)
	at org.apache.catalina.authenticator.AuthenticatorBase.invoke(AuthenticatorBase.java:501)
	at org.apache.catalina.core.StandardHostValve.invoke(StandardHostValve.java:142)
	at org.apache.catalina.valves.ErrorReportValve.invoke(ErrorReportValve.java:79)
	at org.apache.catalina.core.StandardEngineValve.invoke(StandardEngineValve.java:88)
	at org.apache.catalina.connector.CoyoteAdapter.service(CoyoteAdapter.java:516)
	at org.apache.coyote.http11.AbstractHttp11Processor.process(AbstractHttp11Processor.java:1086)
	at org.apache.coyote.AbstractProtocol$AbstractConnectionHandler.process(AbstractProtocol.java:659)
	at org.apache.coyote.http11.Http11NioProtocol$Http11ConnectionHandler.process(Http11NioProtocol.java:223)
	at org.apache.tomcat.util.net.NioEndpoint$SocketProcessor.doRun(NioEndpoint.java:1558)
	at org.apache.tomcat.util.net.NioEndpoint$SocketProcessor.run(NioEndpoint.java:1515)
	at java.util.concurrent.ThreadPoolExecutor.runWorker(Unknown Source)
	at java.util.concurrent.ThreadPoolExecutor$Worker.run(Unknown Source)
	at org.apache.tomcat.util.threads.TaskThread$WrappingRunnable.run(TaskThread.java:61)
	at java.lang.Thread.run(Unknown Source)




Incoming Files To Move
   'C:\Users\splas_000\Google Drive\speeches\economic\keyes\capitalism\bangb\new\newsite9\bb11703-720p.mp4'

Incoming Search Terms:  C:\Users\splas_000\Google Drive\speeches\economic\keyes\capitalism\rated\bang\perfect\new





Here's the report

******Printing Results*****
   Date Test Run Started = 07/14/2015 20:30:49
   Date Test Run Ended = 07/14/2015 20:30:49
   Test Duration = 32.0 mili seconds
   Directories Searched:
   Directories NOT Searched:
   Total # files processed = 1
   Total File Size = 0 bytes
   Total Number of Directories = 0
   Number of Part Files = 0
   Size of Part Files = 0 bytes
   Number of Errors = 0


******Printing 1 Part files that were moved*****
   From: C:\Users\splas_000\Google Drive\speeches\economic\keyes\capitalism\bangb\new\newsite9\bb11703-720p.mp4      to: C:\Users\splas_000\Google Drive\speeches\economic\keyes\capitalism\rated\bang\perfect\new\bb11703-720p.mp4

******Printing 0 Part files that were NOT moved*****



Incoming Search Directories
   'C:\Users\splas_000\Google Drive\speeches\economic\keyes\capitalism'
   'C:\Users\splas_000\Google Drive\speeches\economic\marx'
   ''
   ''

Incoming Search Terms
   'kylie'
   ''
   ''
   ''

searchFileSystem:  false







time it took to retrieve fileEntityMap:  225.0 mili seconds
Processing row 1000
Processing row 2000
Processing row 3000
Processing row 4000
Processing row 5000
Processing row 6000
Processing row 7000
Processing row 8000
Processing row 9000
time it took to retrieve fileEntityMap:  8.23 seconds




Here's the report

******Printing Results*****
   Date Test Run Started = 07/14/2015 20:36:08
   Date Test Run Ended = 07/14/2015 20:36:17
   Test Duration = 8.45 seconds
   Search Terms Searched:
      kylie
      
      
      
   Directories Searched:
   Directories NOT Searched:
   Total # files processed = 9622
   Total # Search Matches = 2
   Total File Size = 9444 TB
   Total Number of Directories = 0
   Number of Part Files = 6
   Size of Part Files = 5 TB
   Number of Errors = 0

******Printing Search Results for 1 Search Terms *****

   There were 2 matches for search term, 'kylie'.  Printing Now
         tbc_kylie_tryout.wmv - C:\Users\splas_000\Google Drive\speeches\economic\keyes\capitalism\rated\tampab\tbc_kylie_tryout.wmv
         ghg_kylie_memvid.wmv - C:\Users\splas_000\Google Drive\speeches\economic\keyes\capitalism\tampab\queue\new1\ghg_kylie_memvid.wmv




Viewing video File.  Incoming fileName to view:  C:\Users\splas_000\Google Drive\speeches\economic\keyes\capitalism\tampab\queue\new1\ghg_kylie_memvid.wmv








Viewing video File.  Incoming fileName to view:  C:\Users\splas_000\Google Drive\speeches\economic\keyes\capitalism\tampab\queue\new1\ghg_kylie_memvid.wmv







Incoming Search Directories
   'C:\Users\splas_000\Google Drive\speeches\economic\keyes\capitalism'
   'C:\Users\splas_000\Google Drive\speeches\economic\marx'
   ''
   ''

Incoming Search Terms
   'nikki'
   ''
   ''
   ''

searchFileSystem:  false







time it took to retrieve fileEntityMap:  174.0 mili seconds
Processing row 1000
Processing row 2000
Processing row 3000
Processing row 4000
Processing row 5000
Processing row 6000
Processing row 7000
Processing row 8000
Processing row 9000
time it took to retrieve fileEntityMap:  6.15 seconds




Here's the report

******Printing Results*****
   Date Test Run Started = 07/14/2015 20:48:58
   Date Test Run Ended = 07/14/2015 20:49:04
   Test Duration = 6.33 seconds
   Search Terms Searched:
      nikki
      
      
      
   Directories Searched:
   Directories NOT Searched:
   Total # files processed = 9622
   Total # Search Matches = 19
   Total File Size = 9444 TB
   Total Number of Directories = 0
   Number of Part Files = 6
   Size of Part Files = 5 TB
   Number of Errors = 0

******Printing Search Results for 1 Search Terms *****

   There were 19 matches for search term, 'nikki'.  Printing Now
         tbc_nikki_bukkake.wmv - C:\Users\splas_000\Google Drive\speeches\economic\keyes\capitalism\projects\new\cim\tbc_nikki_bukkake.wmv
         tbc_nikki_bukkake.wmv - C:\Users\splas_000\Google Drive\speeches\economic\keyes\capitalism\rated\tampab\tbc_nikki_bukkake.wmv
         theater_nikki_memvid.wmv - C:\Users\splas_000\Google Drive\speeches\economic\keyes\capitalism\rated\tampab\theater_nikki_memvid.wmv
         ghg_nikki_memvid.wmv - C:\Users\splas_000\Google Drive\speeches\economic\keyes\capitalism\rated\tampab\ghg_nikki_memvid.wmv
         Nikki19 (1).PNG - C:\Users\splas_000\Google Drive\speeches\economic\keyes\capitalism\temp\isg\usaag\Nikki19 (1).PNG
         YouPorn - Gloryhole Secrets Nikki can get enough cum.mp4 - C:\Users\splas_000\Google Drive\speeches\economic\keyes\capitalism\youp\new\new20\YouPorn - Gloryhole Secrets Nikki can get enough cum.mp4
         Nikki1.PNG - C:\Users\splas_000\Google Drive\speeches\economic\keyes\capitalism\temp\isg\usaag\Nikki1.PNG
         Nikki3.jpg - C:\Users\splas_000\Google Drive\speeches\economic\keyes\capitalism\temp\isg\usaag\Nikki3.jpg
         Nikki7.jpg - C:\Users\splas_000\Google Drive\speeches\economic\keyes\capitalism\temp\isg\usaag\Nikki7.jpg
         Nikki6.jpg - C:\Users\splas_000\Google Drive\speeches\economic\keyes\capitalism\temp\isg\usaag\Nikki6.jpg
         Nikki18 (1).jpg - C:\Users\splas_000\Google Drive\speeches\economic\keyes\capitalism\temp\isg\usaag\Nikki18 (1).jpg
         naked_nikki_big.wmv - C:\Users\splas_000\Google Drive\speeches\economic\keyes\capitalism\rk\new\new2\naked_nikki_big.wmv
         Nikki21.jpg - C:\Users\splas_000\Google Drive\speeches\economic\keyes\capitalism\temp\isg\usaag\Nikki21.jpg
         Nikki14.jpg - C:\Users\splas_000\Google Drive\speeches\economic\keyes\capitalism\temp\isg\usaag\Nikki14.jpg
         Nikki16.jpg - C:\Users\splas_000\Google Drive\speeches\economic\keyes\capitalism\temp\isg\usaag\Nikki16.jpg
         Nikki17.jpg - C:\Users\splas_000\Google Drive\speeches\economic\keyes\capitalism\temp\isg\usaag\Nikki17.jpg
         Nikki18.jpg - C:\Users\splas_000\Google Drive\speeches\economic\keyes\capitalism\temp\isg\usaag\Nikki18.jpg
         Nikki18.PNG - C:\Users\splas_000\Google Drive\speeches\economic\keyes\capitalism\temp\isg\usaag\Nikki18.PNG
         Nikki19.PNG - C:\Users\splas_000\Google Drive\speeches\economic\keyes\capitalism\temp\isg\usaag\Nikki19.PNG
2015-07-14 21:23:21.479  INFO 12896 --- [       Thread-2] ationConfigEmbeddedWebApplicationContext : Closing org.springframework.boot.context.embedded.AnnotationConfigEmbeddedWebApplicationContext@2d31ec5e: startup date [Tue Jul 14 19:35:06 EDT 2015]; root of context hierarchy
2015-07-14 21:23:21.756  INFO 12896 --- [       Thread-2] o.s.j.e.a.AnnotationMBeanExporter        : Unregistering JMX-exposed beans on shutdown
